<?xml version="1.0" encoding="UTF-8"?>
<!-- Generated by org.testng.reporters.JUnitReportReporter -->
<testsuite skipped="0" hostname="DESKTOP-MS53M2L" name="test.Servicio" tests="5" failures="0" timestamp="2020-03-12T21:36:52 COT" time="39.837" errors="0">
  <testcase name="beforeClass" time="4.255" classname="test.Servicio"/>
  <testcase name="servicio" time="32.155" classname="test.Servicio"/>
  <testcase name="capacidades" time="1.172" classname="test.Servicio"/>
  <testcase name="comohacemos" time="1.119" classname="test.Servicio"/>
  <testcase name="portafolio" time="1.136" classname="test.Servicio"/>
</testsuite> <!-- test.Servicio -->
